#
# There is insufficient memory for the Java Runtime Environment to continue.
# Native memory allocation (mmap) failed to map 68719476736 bytes for G1 virtual space
# Possible reasons:
#   The system is out of physical RAM or swap space
# Possible solutions:
#   Reduce memory load on the system
#   Increase physical memory or swap space
#   Check if swap backing store is full
#   Decrease Java heap size (-Xmx/-Xms)
#   Decrease number of Java threads
#   Decrease Java thread stack sizes (-Xss)
#   Set larger code cache with -XX:ReservedCodeCacheSize=
# This output file may be truncated or incomplete.
#
#  Out of Memory Error (os_windows.cpp:3530), pid=3084, tid=1308
#
# JRE version:  (18.0.2.1+1) (build )
# Java VM: Java HotSpot(TM) 64-Bit Server VM (18.0.2.1+1-1, mixed mode, sharing, tiered, compressed class ptrs, g1 gc, windows-amd64)
# No core dump will be written. Minidumps are not enabled by default on client versions of Windows
#

---------------  S U M M A R Y ------------

Command Line: -Dfile.encoding=UTF-8 -Xmx65536m -Xms65536m C:\Users\merya\OneDrive\Documents\GitHub\CDA-ccda\input-cache\publisher.jar -ig .

Host: 13th Gen Intel(R) Core(TM) i7-1355U, 12 cores, 15G,  Windows 11 , 64 bit Build 22621 (10.0.22621.3085)
Time: Tue Feb 20 17:05:48 2024 Mountain Standard Time elapsed time: 0.021941 seconds (0d 0h 0m 0s)

---------------  T H R E A D  ---------------

Current thread (0x00000234754f1c30):  JavaThread "Unknown thread" [_thread_in_vm, id=1308, stack(0x000000848e300000,0x000000848e400000)]

Stack: [0x000000848e300000,0x000000848e400000]
Native frames: (J=compiled Java code, j=interpreted, Vv=VM code, C=native code)
V  [jvm.dll+0x6993aa]
V  [jvm.dll+0x7f46dd]
V  [jvm.dll+0x7f5fee]
V  [jvm.dll+0x7f66a3]
V  [jvm.dll+0x25cf1f]
V  [jvm.dll+0x6962f9]
V  [jvm.dll+0x68ae2a]
V  [jvm.dll+0x32255b]
V  [jvm.dll+0x329f36]
V  [jvm.dll+0x37eade]
V  [jvm.dll+0x37ed0f]
V  [jvm.dll+0x2fa2da]
V  [jvm.dll+0x2fb33d]
V  [jvm.dll+0x7c3310]
V  [jvm.dll+0x38be61]
V  [jvm.dll+0x7a2023]
V  [jvm.dll+0x40dc3f]
V  [jvm.dll+0x40f611]
C  [jli.dll+0x526b]
C  [ucrtbase.dll+0x29363]
C  [KERNEL32.DLL+0x1257d]
C  [ntdll.dll+0x5aa58]


---------------  P R O C E S S  ---------------

Threads class SMR info:
_java_thread_list=0x00007ffcb0d4e550, length=0, elements={
}

Java Threads: ( => current thread )

Other Threads:
  0x000002347d6019b0 WorkerThread "GC Thread#0" [stack: 0x000000848e400000,0x000000848e500000] [id=2980]
  0x0000023475546e20 ConcurrentGCThread "G1 Main Marker" [stack: 0x000000848e500000,0x000000848e600000] [id=10956]
  0x0000023475547810 WorkerThread "G1 Conc#0" [stack: 0x000000848e600000,0x000000848e700000] [id=15248]

[error occurred during error reporting (printing all threads), id 0xc0000005, EXCEPTION_ACCESS_VIOLATION (0xc0000005) at pc=0x00007ffcb057a877]

VM state: not at safepoint (not fully initialized)

VM Mutex/Monitor currently owned by a thread:  ([mutex/lock_event])
[0x00000234754f00f0] Heap_lock - owner thread: 0x00000234754f1c30

CDS archive(s) mapped at: [0x0000000000000000-0x0000000000000000-0x0000000000000000), size 0, SharedBaseAddress: 0x0000000800000000, ArchiveRelocationMode: 0.
Narrow klass base: 0x0000000000000000, Narrow klass shift: 0, Narrow klass range: 0x0

GC Precious Log:
 CardTable entry size: 512
 Card Set container configuration: InlinePtr #cards 3 size 8 Array Of Cards #cards 256 size 528 Howl #buckets 8 coarsen threshold 58982 Howl Bitmap #cards 8192 size 1040 coarsen threshold 7372 Card regions per heap region 1 cards per card region 65536

Heap:
 garbage-first heap   total 0K, used 0K [0x000002347e000000, 0x000002447e000000)
  region size 32768K, 0 young (0K), 0 survivors (0K)

[error occurred during error reporting (printing heap information), id 0xc0000005, EXCEPTION_ACCESS_VIOLATION (0xc0000005) at pc=0x00007ffcb0961839]

GC Heap History (0 events):
No events

Deoptimization events (0 events):
No events

Classes loaded (0 events):
No events

Classes unloaded (0 events):
No events

Classes redefined (0 events):
No events

Internal exceptions (0 events):
No events

VM Operations (0 events):
No events

Events (1 events):
Event: 0.004 Loaded shared library C:\Program Files\Java\jdk-18.0.2.1\bin\java.dll


Dynamic libraries:
0x00007ff784fd0000 - 0x00007ff784fe0000 	C:\Program Files\Java\jdk-18.0.2.1\bin\java.exe
0x00007ffd35c30000 - 0x00007ffd35e47000 	C:\Windows\SYSTEM32\ntdll.dll
0x00007ffd33ed0000 - 0x00007ffd33f94000 	C:\Windows\System32\KERNEL32.DLL
0x00007ffd335a0000 - 0x00007ffd33946000 	C:\Windows\System32\KERNELBASE.dll
0x00007ffd33220000 - 0x00007ffd33331000 	C:\Windows\System32\ucrtbase.dll
0x00007ffd23800000 - 0x00007ffd2381a000 	C:\Program Files\Java\jdk-18.0.2.1\bin\VCRUNTIME140.dll
0x00007ffd23820000 - 0x00007ffd23838000 	C:\Program Files\Java\jdk-18.0.2.1\bin\jli.dll
0x00007ffd34370000 - 0x00007ffd34423000 	C:\Windows\System32\ADVAPI32.dll
0x00007ffd33a40000 - 0x00007ffd33ae7000 	C:\Windows\System32\msvcrt.dll
0x00007ffd34ad0000 - 0x00007ffd34b78000 	C:\Windows\System32\sechost.dll
0x00007ffd33030000 - 0x00007ffd33058000 	C:\Windows\System32\bcrypt.dll
0x00007ffd34250000 - 0x00007ffd34367000 	C:\Windows\System32\RPCRT4.dll
0x00007ffd33bf0000 - 0x00007ffd33d9e000 	C:\Windows\System32\USER32.dll
0x00007ffd33950000 - 0x00007ffd33976000 	C:\Windows\System32\win32u.dll
0x00007ffd33da0000 - 0x00007ffd33dc9000 	C:\Windows\System32\GDI32.dll
0x00007ffd224e0000 - 0x00007ffd22773000 	C:\Windows\WinSxS\amd64_microsoft.windows.common-controls_6595b64144ccf1df_6.0.22621.2506_none_270c5ae97388e100\COMCTL32.dll
0x00007ffd33100000 - 0x00007ffd33218000 	C:\Windows\System32\gdi32full.dll
0x00007ffd33060000 - 0x00007ffd330fa000 	C:\Windows\System32\msvcp_win.dll
0x00007ffd26fa0000 - 0x00007ffd26faa000 	C:\Windows\SYSTEM32\VERSION.dll
0x00007ffd34a10000 - 0x00007ffd34a41000 	C:\Windows\System32\IMM32.DLL
0x00007ffd2cec0000 - 0x00007ffd2cecc000 	C:\Program Files\Java\jdk-18.0.2.1\bin\vcruntime140_1.dll
0x00007ffd23150000 - 0x00007ffd231dd000 	C:\Program Files\Java\jdk-18.0.2.1\bin\msvcp140.dll
0x00007ffcb0270000 - 0x00007ffcb0e81000 	C:\Program Files\Java\jdk-18.0.2.1\bin\server\jvm.dll
0x00007ffd33a30000 - 0x00007ffd33a38000 	C:\Windows\System32\PSAPI.DLL
0x00007ffd24c40000 - 0x00007ffd24c49000 	C:\Windows\SYSTEM32\WSOCK32.dll
0x00007ffd27be0000 - 0x00007ffd27c14000 	C:\Windows\SYSTEM32\WINMM.dll
0x00007ffd34110000 - 0x00007ffd34181000 	C:\Windows\System32\WS2_32.dll
0x00007ffd31f80000 - 0x00007ffd31f98000 	C:\Windows\SYSTEM32\kernel.appcore.dll
0x00007ffd29dd0000 - 0x00007ffd29dda000 	C:\Program Files\Java\jdk-18.0.2.1\bin\jimage.dll
0x00007ffd30780000 - 0x00007ffd309b3000 	C:\Windows\SYSTEM32\DBGHELP.DLL
0x00007ffd34430000 - 0x00007ffd347b9000 	C:\Windows\System32\combase.dll
0x00007ffd33dd0000 - 0x00007ffd33ea7000 	C:\Windows\System32\OLEAUT32.dll
0x00007ffd261f0000 - 0x00007ffd26222000 	C:\Windows\SYSTEM32\dbgcore.DLL
0x00007ffd333b0000 - 0x00007ffd3342a000 	C:\Windows\System32\bcryptPrimitives.dll
0x00007ffd235f0000 - 0x00007ffd23615000 	C:\Program Files\Java\jdk-18.0.2.1\bin\java.dll

dbghelp: loaded successfully - version: 4.0.5 - missing functions: none
symbol engine: initialized successfully - sym options: 0x614 - pdb path: .;C:\Program Files\Java\jdk-18.0.2.1\bin;C:\Windows\SYSTEM32;C:\Windows\WinSxS\amd64_microsoft.windows.common-controls_6595b64144ccf1df_6.0.22621.2506_none_270c5ae97388e100;C:\Program Files\Java\jdk-18.0.2.1\bin\server

VM Arguments:
jvm_args: -Dfile.encoding=UTF-8 -Xmx65536m -Xms65536m 
java_command: C:\Users\merya\OneDrive\Documents\GitHub\CDA-ccda\input-cache\publisher.jar -ig .
java_class_path (initial): C:\Users\merya\OneDrive\Documents\GitHub\CDA-ccda\input-cache\publisher.jar
Launcher Type: SUN_STANDARD

[Global flags]
     intx CICompilerCount                          = 4                                         {product} {ergonomic}
     uint ConcGCThreads                            = 3                                         {product} {ergonomic}
     uint G1ConcRefinementThreads                  = 10                                        {product} {ergonomic}
   size_t G1HeapRegionSize                         = 33554432                                  {product} {ergonomic}
    uintx GCDrainStackTargetSize                   = 64                                        {product} {ergonomic}
   size_t InitialHeapSize                          = 68719476736                               {product} {command line}
   size_t MarkStackSize                            = 4194304                                   {product} {ergonomic}
   size_t MaxHeapSize                              = 68719476736                               {product} {command line}
   size_t MinHeapDeltaBytes                        = 33554432                                  {product} {ergonomic}
   size_t MinHeapSize                              = 68719476736                               {product} {command line}
    uintx NonNMethodCodeHeapSize                   = 5839372                                {pd product} {ergonomic}
    uintx NonProfiledCodeHeapSize                  = 122909434                              {pd product} {ergonomic}
    uintx ProfiledCodeHeapSize                     = 122909434                              {pd product} {ergonomic}
    uintx ReservedCodeCacheSize                    = 251658240                              {pd product} {ergonomic}
     bool SegmentedCodeCache                       = true                                      {product} {ergonomic}
   size_t SoftMaxHeapSize                          = 68719476736                            {manageable} {ergonomic}
     bool UseCompressedClassPointers               = true                           {product lp64_product} {ergonomic}
     bool UseG1GC                                  = true                                      {product} {ergonomic}
     bool UseLargePagesIndividualAllocation        = false                                  {pd product} {ergonomic}

Logging:
Log output configuration:
 #0: stdout all=warning uptime,level,tags foldmultilines=false
 #1: stderr all=off uptime,level,tags foldmultilines=false

Environment Variables:
JAVA_HOME=C:\Program Files\Eclipse Adoptium\jre-8.0.382.5-hotspot\
JAVA_TOOL_OPTIONS=-Dfile.encoding=UTF-8
CLASSPATH=C:\Users\merya\OneDrive\Documents\xalan-j_2_7_1-bin\xalan-j_2_7_1\xalan.jar;C:\Users\merya\OneDrive\Documents\xalan-j_2_7_1-bin\xalan-j_2_7_1\serializer.jar;C:\Users\merya\OneDrive\Documents\xalan-j_2_7_1-bin\xalan-j_2_7_1\xml-apis.jar;C:\Users\merya\OneDrive\Documents\xalan-j_2_7_1-bin\xalan-j_2_7_1\xercesImpl.jar;
PATH=C:\Program Files\Common Files\Oracle\Java\javapath;C:\Ruby32-x64\bin;C:\Program Files\Python311\Scripts\;C:\Program Files\Python311\;C:\Program Files\Eclipse Adoptium\jre-8.0.382.5-hotspot\bin;C:\Windows\system32;C:\Windows;C:\Windows\System32\Wbem;C:\Windows\System32\WindowsPowerShell\v1.0\;C:\Windows\System32\OpenSSH\;C:\Program Files\Microsoft VS Code\bin;C:\Program Files\Git\cmd;C:\Program Files\nodejs\;C:\Program Files\dotnet\;C:\Users\merya\AppData\Local\Microsoft\WindowsApps;C:\ProgramData\merya\GitHubDesktop\bin;C:\Users\merya\AppData\Roaming\npm;C:\Users\merya\AppData\Local\GitHubDesktop\bin;C:\Users\merya\.dotnet\tools
USERNAME=merya
OS=Windows_NT
PROCESSOR_IDENTIFIER=Intel64 Family 6 Model 186 Stepping 3, GenuineIntel



---------------  S Y S T E M  ---------------

OS:
 Windows 11 , 64 bit Build 22621 (10.0.22621.3085)
OS uptime: 0 days 0:29 hours
Hyper-V role detected

CPU: total 12 (initial active 12) (6 cores per cpu, 2 threads per core) family 6 model 186 stepping 3 microcode 0x410e, cx8, cmov, fxsr, ht, mmx, 3dnowpref, sse, sse2, sse3, ssse3, sse4.1, sse4.2, popcnt, lzcnt, tsc, tscinvbit, avx, avx2, aes, erms, clmul, bmi1, bmi2, adx, sha, fma, vzeroupper, clflush, clflushopt, clwb, hv, serialize

Memory: 4k page, system-wide physical 16087M (8238M free)
TotalPageFile size 21975M (AvailPageFile size 12652M)
current process WorkingSet (physical memory assigned to process): 13M, peak: 13M
current process commit charge ("private bytes"): 67M, peak: 65603M

vm_info: Java HotSpot(TM) 64-Bit Server VM (18.0.2.1+1-1) for windows-amd64 JRE (18.0.2.1+1-1), built on Aug 16 2022 01:46:33 by "mach5one" with MS VC++ 16.8 / 16.9 (VS2019)

END.
